2015/06/12 07:53:03 [/Gift/html/admin/index.php] access error. from ::1
2015/06/12 07:53:03 [/Gift/html/admin/index.php] login: user=Vanda(2) auth=0 lastlogin= sid= from ::1
2015/06/12 07:53:03 [/Gift/html/admin/home.php] access : user=Vanda auth=0 sid=8osdtnuiq2s6ci5o0649n38bb6 from ::1
2015/06/12 08:04:36 [/Gift/html/admin/home.php] access : user=Vanda auth=0 sid=8osdtnuiq2s6ci5o0649n38bb6 from ::1
2015/06/12 08:05:24 [/Gift/html/admin/products/product_rank.php] access : user=Vanda auth=0 sid=8osdtnuiq2s6ci5o0649n38bb6 from ::1
2015/06/12 08:05:30 [/Gift/html/admin/customer/index.php] access : user=Vanda auth=0 sid=8osdtnuiq2s6ci5o0649n38bb6 from ::1
2015/06/12 08:05:38 [/Gift/html/admin/ownersstore/index.php] access : user=Vanda auth=0 sid=8osdtnuiq2s6ci5o0649n38bb6 from ::1
2015/06/12 08:05:44 [/Gift/html/admin/ownersstore/module.php] access : user=Vanda auth=0 sid=8osdtnuiq2s6ci5o0649n38bb6 from ::1
2015/06/12 08:05:50 [/Gift/html/admin/ownersstore/settings.php] access : user=Vanda auth=0 sid=8osdtnuiq2s6ci5o0649n38bb6 from ::1
2015/06/12 08:05:53 [/Gift/html/admin/ownersstore/index.php] access : user=Vanda auth=0 sid=8osdtnuiq2s6ci5o0649n38bb6 from ::1
2015/06/12 08:05:58 [/Gift/html/admin/system/masterdata.php] access : user=Vanda auth=0 sid=8osdtnuiq2s6ci5o0649n38bb6 from ::1
2015/06/12 08:06:12 [/Gift/html/admin/contents/file_manager.php] access : user=Vanda auth=0 sid=8osdtnuiq2s6ci5o0649n38bb6 from ::1
2015/06/12 08:06:48 [/Gift/html/admin/contents/file_manager.php] access : user=Vanda auth=0 sid=8osdtnuiq2s6ci5o0649n38bb6 from ::1
2015/06/12 08:06:54 [/Gift/html/admin/contents/file_manager.php] access : user=Vanda auth=0 sid=8osdtnuiq2s6ci5o0649n38bb6 from ::1
2015/06/12 08:06:54 [/Gift/html/admin/contents/file_manager.php] access : user=Vanda auth=0 sid=8osdtnuiq2s6ci5o0649n38bb6 from ::1
2015/06/12 08:07:01 [/Gift/html/admin/mail/template.php] access : user=Vanda auth=0 sid=8osdtnuiq2s6ci5o0649n38bb6 from ::1
2015/06/12 08:07:03 [/Gift/html/admin/mail/template_input.php] access : user=Vanda auth=0 sid=8osdtnuiq2s6ci5o0649n38bb6 from ::1
2015/06/12 08:08:08 [/Gift/html/admin/basis/seo.php] access : user=Vanda auth=0 sid=8osdtnuiq2s6ci5o0649n38bb6 from ::1
2015/06/12 08:08:40 [/Gift/html/admin/total/index.php] access : user=Vanda auth=0 sid=8osdtnuiq2s6ci5o0649n38bb6 from ::1
2015/06/12 08:25:08 [/Gift/html/admin/mail/template.php] access : user=Vanda auth=0 sid=8osdtnuiq2s6ci5o0649n38bb6 from ::1
2015/06/12 08:25:10 [/Gift/html/admin/mail/template_input.php] access : user=Vanda auth=0 sid=8osdtnuiq2s6ci5o0649n38bb6 from ::1
2015/06/12 09:11:50 [/Gift/html/admin/total/index.php] access : user=Vanda auth=0 sid=8osdtnuiq2s6ci5o0649n38bb6 from ::1
2015/06/12 09:11:58 [/Gift/html/admin/total/index.php] access : user=Vanda auth=0 sid=8osdtnuiq2s6ci5o0649n38bb6 from ::1
2015/06/12 09:12:02 [/Gift/html/admin/design/index.php] access : user=Vanda auth=0 sid=8osdtnuiq2s6ci5o0649n38bb6 from ::1
2015/06/12 09:12:28 [/Gift/html/admin/design/index.php] access : user=Vanda auth=0 sid=8osdtnuiq2s6ci5o0649n38bb6 from ::1
2015/06/12 09:12:32 [/Gift/html/admin/design/index.php] access : user=Vanda auth=0 sid=8osdtnuiq2s6ci5o0649n38bb6 from ::1
2015/06/12 09:12:52 [/Gift/html/admin/products/product.php] access : user=Vanda auth=0 sid=8osdtnuiq2s6ci5o0649n38bb6 from ::1
2015/06/12 09:13:50 [/Gift/html/admin/products/product.php] access : user=Vanda auth=0 sid=8osdtnuiq2s6ci5o0649n38bb6 from ::1
2015/06/12 09:13:50 [/Gift/html/admin/products/product.php] 1 -> C:\wamp\www\Gift\html/../data/download/temp/06120913_557aa2cec3f5c.png from ::1
2015/06/12 09:15:51 [/Gift/html/admin/products/product.php] access : user=Vanda auth=0 sid=8osdtnuiq2s6ci5o0649n38bb6 from ::1
2015/06/12 09:17:23 [/Gift/html/admin/products/product.php] access : user=Vanda auth=0 sid=8osdtnuiq2s6ci5o0649n38bb6 from ::1
2015/06/12 09:17:38 [/Gift/html/admin/products/product.php] access : user=Vanda auth=0 sid=8osdtnuiq2s6ci5o0649n38bb6 from ::1
2015/06/12 09:17:47 [/Gift/html/admin/products/product.php] access : user=Vanda auth=0 sid=8osdtnuiq2s6ci5o0649n38bb6 from ::1
2015/06/12 09:18:42 [/Gift/html/admin/products/product_class.php] access : user=Vanda auth=0 sid=8osdtnuiq2s6ci5o0649n38bb6 from ::1
2015/06/12 09:18:45 [/Gift/html/admin/products/product_class.php] access : user=Vanda auth=0 sid=8osdtnuiq2s6ci5o0649n38bb6 from ::1
2015/06/12 09:18:52 [/Gift/html/admin/products/product_class.php] access : user=Vanda auth=0 sid=8osdtnuiq2s6ci5o0649n38bb6 from ::1
2015/06/12 09:18:59 [/Gift/html/admin/products/product_class.php] access : user=Vanda auth=0 sid=8osdtnuiq2s6ci5o0649n38bb6 from ::1
2015/06/12 09:19:39 [/Gift/html/admin/products/product_class.php] access : user=Vanda auth=0 sid=8osdtnuiq2s6ci5o0649n38bb6 from ::1
2015/06/12 09:20:39 [/Gift/html/admin/products/product_class.php] access : user=Vanda auth=0 sid=8osdtnuiq2s6ci5o0649n38bb6 from ::1
2015/06/12 09:21:41 [/Gift/html/admin/products/product_class.php] access : user=Vanda auth=0 sid=8osdtnuiq2s6ci5o0649n38bb6 from ::1
2015/06/12 09:21:42 [/Gift/html/admin/products/product_class.php] System_Step2-kh.png -> C:\wamp\www\Gift\data\download\temp\06120921_557aa4a63408f.png from ::1
2015/06/12 09:21:46 [/Gift/html/admin/products/product_class.php] access : user=Vanda auth=0 sid=8osdtnuiq2s6ci5o0649n38bb6 from ::1
2015/06/12 09:21:51 [/Gift/html/admin/products/product_class.php] access : user=Vanda auth=0 sid=8osdtnuiq2s6ci5o0649n38bb6 from ::1
2015/06/12 09:21:56 [/Gift/html/admin/products/product_class.php] access : user=Vanda auth=0 sid=8osdtnuiq2s6ci5o0649n38bb6 from ::1
2015/06/12 09:22:00 [/Gift/html/admin/products/product_class.php] access : user=Vanda auth=0 sid=8osdtnuiq2s6ci5o0649n38bb6 from ::1
2015/06/15 01:12:32 [/Gift/html/admin/index.php] Vanda password incorrect. from ::1
2015/06/15 01:12:42 [/Gift/html/admin/index.php] access error. from ::1
2015/06/15 01:12:42 [/Gift/html/admin/index.php] login: user=Vanda(2) auth=0 lastlogin=2015-06-12 07:53:03 sid= from ::1
2015/06/15 01:12:43 [/Gift/html/admin/home.php] access : user=Vanda auth=0 sid=nohejhvor1p1s5i32eg3ui17j2 from ::1
2015/06/15 01:16:38 [/Gift/html/admin/basis/index.php] access : user=Vanda auth=0 sid=nohejhvor1p1s5i32eg3ui17j2 from ::1
2015/06/15 01:18:09 [/Gift/html/admin/basis/index.php] access : user=Vanda auth=0 sid=nohejhvor1p1s5i32eg3ui17j2 from ::1
2015/06/15 01:18:20 [/Gift/html/admin/basis/index.php] access : user=Vanda auth=0 sid=nohejhvor1p1s5i32eg3ui17j2 from ::1
2015/06/15 01:18:34 [/Gift/html/admin/basis/index.php] access : user=Vanda auth=0 sid=nohejhvor1p1s5i32eg3ui17j2 from ::1
2015/06/15 01:18:34 [/Gift/html/admin/basis/index.php] UPDATE was executed for dtb_baseinfo. from ::1
2015/06/15 01:18:57 [/Gift/html/admin/basis/tradelaw.php] access : user=Vanda auth=0 sid=nohejhvor1p1s5i32eg3ui17j2 from ::1
2015/06/15 01:19:09 [/Gift/html/admin/basis/delivery.php] access : user=Vanda auth=0 sid=nohejhvor1p1s5i32eg3ui17j2 from ::1
2015/06/15 01:21:58 [/Gift/html/admin/basis/delivery_input.php] access : user=Vanda auth=0 sid=nohejhvor1p1s5i32eg3ui17j2 from ::1
2015/06/15 01:22:11 [/Gift/html/admin/basis/payment.php] access : user=Vanda auth=0 sid=nohejhvor1p1s5i32eg3ui17j2 from ::1
2015/06/15 01:23:18 [/Gift/html/admin/basis/point.php] access : user=Vanda auth=0 sid=nohejhvor1p1s5i32eg3ui17j2 from ::1
2015/06/15 01:23:26 [/Gift/html/admin/basis/mail.php] access : user=Vanda auth=0 sid=nohejhvor1p1s5i32eg3ui17j2 from ::1
2015/06/15 01:24:08 [/Gift/html/admin/basis/mail.php] access : user=Vanda auth=0 sid=nohejhvor1p1s5i32eg3ui17j2 from ::1
2015/06/15 01:24:30 [/Gift/html/admin/basis/mail.php] access : user=Vanda auth=0 sid=nohejhvor1p1s5i32eg3ui17j2 from ::1
2015/06/15 01:25:00 [/Gift/html/admin/basis/mail.php] access : user=Vanda auth=0 sid=nohejhvor1p1s5i32eg3ui17j2 from ::1
2015/06/15 01:25:09 [/Gift/html/admin/basis/seo.php] access : user=Vanda auth=0 sid=nohejhvor1p1s5i32eg3ui17j2 from ::1
2015/06/15 01:25:21 [/Gift/html/admin/basis/kiyaku.php] access : user=Vanda auth=0 sid=nohejhvor1p1s5i32eg3ui17j2 from ::1
2015/06/15 01:25:40 [/Gift/html/admin/basis/zip_install.php] access : user=Vanda auth=0 sid=nohejhvor1p1s5i32eg3ui17j2 from ::1
2015/06/15 01:26:02 [/Gift/html/admin/basis/holiday.php] access : user=Vanda auth=0 sid=nohejhvor1p1s5i32eg3ui17j2 from ::1
2015/06/15 01:26:28 [/Gift/html/admin/basis/holiday.php] access : user=Vanda auth=0 sid=nohejhvor1p1s5i32eg3ui17j2 from ::1
2015/06/15 01:26:29 [/Gift/html/admin/basis/holiday.php] access : user=Vanda auth=0 sid=nohejhvor1p1s5i32eg3ui17j2 from ::1
2015/06/15 01:26:35 [/Gift/html/admin/basis/holiday.php] access : user=Vanda auth=0 sid=nohejhvor1p1s5i32eg3ui17j2 from ::1
2015/06/15 01:26:35 [/Gift/html/admin/basis/holiday.php] access : user=Vanda auth=0 sid=nohejhvor1p1s5i32eg3ui17j2 from ::1
2015/06/15 01:26:48 [/Gift/html/admin/products/index.php] access : user=Vanda auth=0 sid=nohejhvor1p1s5i32eg3ui17j2 from ::1
2015/06/15 01:27:50 [/Gift/html/admin/products/index.php] access : user=Vanda auth=0 sid=nohejhvor1p1s5i32eg3ui17j2 from ::1
2015/06/15 01:28:01 [/Gift/html/admin/products/index.php] access : user=Vanda auth=0 sid=nohejhvor1p1s5i32eg3ui17j2 from ::1
2015/06/15 01:28:11 [/Gift/html/admin/products/index.php] access : user=Vanda auth=0 sid=nohejhvor1p1s5i32eg3ui17j2 from ::1
2015/06/15 01:29:22 [/Gift/html/admin/products/product.php] access : user=Vanda auth=0 sid=nohejhvor1p1s5i32eg3ui17j2 from ::1
2015/06/15 01:32:19 [/Gift/html/admin/products/product.php] access : user=Vanda auth=0 sid=nohejhvor1p1s5i32eg3ui17j2 from ::1
2015/06/15 01:32:39 [/Gift/html/admin/products/product.php] access : user=Vanda auth=0 sid=nohejhvor1p1s5i32eg3ui17j2 from ::1
2015/06/15 01:33:19 [/Gift/html/admin/products/product.php] access : user=Vanda auth=0 sid=nohejhvor1p1s5i32eg3ui17j2 from ::1
2015/06/15 01:34:38 [/Gift/html/admin/products/product_class.php] access : user=Vanda auth=0 sid=nohejhvor1p1s5i32eg3ui17j2 from ::1
2015/06/15 01:35:31 [/Gift/html/admin/products/product_class.php] access : user=Vanda auth=0 sid=nohejhvor1p1s5i32eg3ui17j2 from ::1
2015/06/15 01:35:39 [/Gift/html/admin/products/product_class.php] access : user=Vanda auth=0 sid=nohejhvor1p1s5i32eg3ui17j2 from ::1
2015/06/15 01:35:46 [/Gift/html/admin/products/index.php] access : user=Vanda auth=0 sid=nohejhvor1p1s5i32eg3ui17j2 from ::1
2015/06/15 01:35:53 [/Gift/html/admin/products/class.php] access : user=Vanda auth=0 sid=nohejhvor1p1s5i32eg3ui17j2 from ::1
2015/06/15 01:36:00 [/Gift/html/admin/products/class.php] access : user=Vanda auth=0 sid=nohejhvor1p1s5i32eg3ui17j2 from ::1
2015/06/15 01:36:05 [/Gift/html/admin/products/category.php] access : user=Vanda auth=0 sid=nohejhvor1p1s5i32eg3ui17j2 from ::1
2015/06/15 01:36:12 [/Gift/html/admin/products/maker.php] access : user=Vanda auth=0 sid=nohejhvor1p1s5i32eg3ui17j2 from ::1
2015/06/15 01:36:15 [/Gift/html/admin/products/product_rank.php] access : user=Vanda auth=0 sid=nohejhvor1p1s5i32eg3ui17j2 from ::1
2015/06/15 01:36:19 [/Gift/html/admin/products/review.php] access : user=Vanda auth=0 sid=nohejhvor1p1s5i32eg3ui17j2 from ::1
2015/06/15 01:36:26 [/Gift/html/admin/products/review.php] access : user=Vanda auth=0 sid=nohejhvor1p1s5i32eg3ui17j2 from ::1
2015/06/15 01:36:33 [/Gift/html/admin/products/upload_csv.php] access : user=Vanda auth=0 sid=nohejhvor1p1s5i32eg3ui17j2 from ::1
2015/06/15 01:36:43 [/Gift/html/admin/products/upload_csv.php] access : user=Vanda auth=0 sid=nohejhvor1p1s5i32eg3ui17j2 from ::1
2015/06/15 01:36:50 [/Gift/html/admin/products/product_rank.php] access : user=Vanda auth=0 sid=nohejhvor1p1s5i32eg3ui17j2 from ::1
2015/06/15 01:36:56 [/Gift/html/admin/products/product_rank.php] access : user=Vanda auth=0 sid=nohejhvor1p1s5i32eg3ui17j2 from ::1
2015/06/15 01:36:58 [/Gift/html/admin/products/product_rank.php] access : user=Vanda auth=0 sid=nohejhvor1p1s5i32eg3ui17j2 from ::1
2015/06/15 01:37:00 [/Gift/html/admin/products/product_rank.php] access : user=Vanda auth=0 sid=nohejhvor1p1s5i32eg3ui17j2 from ::1
2015/06/15 01:37:10 [/Gift/html/admin/products/review.php] access : user=Vanda auth=0 sid=nohejhvor1p1s5i32eg3ui17j2 from ::1
2015/06/15 01:37:13 [/Gift/html/admin/products/product_rank.php] access : user=Vanda auth=0 sid=nohejhvor1p1s5i32eg3ui17j2 from ::1
2015/06/15 01:37:17 [/Gift/html/admin/products/maker.php] access : user=Vanda auth=0 sid=nohejhvor1p1s5i32eg3ui17j2 from ::1
2015/06/15 01:37:19 [/Gift/html/admin/products/upload_csv_category.php] access : user=Vanda auth=0 sid=nohejhvor1p1s5i32eg3ui17j2 from ::1
2015/06/15 01:37:24 [/Gift/html/admin/products/class.php] access : user=Vanda auth=0 sid=nohejhvor1p1s5i32eg3ui17j2 from ::1
2015/06/15 01:37:29 [/Gift/html/admin/products/class.php] access : user=Vanda auth=0 sid=nohejhvor1p1s5i32eg3ui17j2 from ::1
2015/06/15 01:37:35 [/Gift/html/admin/products/product.php] access : user=Vanda auth=0 sid=nohejhvor1p1s5i32eg3ui17j2 from ::1
2015/06/15 01:37:41 [/Gift/html/admin/products/class.php] access : user=Vanda auth=0 sid=nohejhvor1p1s5i32eg3ui17j2 from ::1
2015/06/15 01:37:43 [/Gift/html/admin/products/category.php] access : user=Vanda auth=0 sid=nohejhvor1p1s5i32eg3ui17j2 from ::1
2015/06/15 01:37:51 [/Gift/html/admin/products/maker.php] access : user=Vanda auth=0 sid=nohejhvor1p1s5i32eg3ui17j2 from ::1
2015/06/15 01:38:00 [/Gift/html/admin/products/upload_csv_category.php] access : user=Vanda auth=0 sid=nohejhvor1p1s5i32eg3ui17j2 from ::1
2015/06/15 01:38:05 [/Gift/html/admin/customer/index.php] access : user=Vanda auth=0 sid=nohejhvor1p1s5i32eg3ui17j2 from ::1
2015/06/15 01:41:17 [/Gift/html/admin/customer/index.php] access : user=Vanda auth=0 sid=nohejhvor1p1s5i32eg3ui17j2 from ::1
2015/06/15 01:41:28 [/Gift/html/admin/customer/index.php] access : user=Vanda auth=0 sid=nohejhvor1p1s5i32eg3ui17j2 from ::1
2015/06/15 01:41:46 [/Gift/html/admin/customer/index.php] access : user=Vanda auth=0 sid=nohejhvor1p1s5i32eg3ui17j2 from ::1
2015/06/15 01:42:27 [/Gift/html/admin/customer/edit.php] access : user=Vanda auth=0 sid=nohejhvor1p1s5i32eg3ui17j2 from ::1
2015/06/15 01:43:05 [/Gift/html/admin/order/index.php] access : user=Vanda auth=0 sid=nohejhvor1p1s5i32eg3ui17j2 from ::1
2015/06/15 01:43:31 [/Gift/html/admin/order/status.php] access : user=Vanda auth=0 sid=nohejhvor1p1s5i32eg3ui17j2 from ::1
2015/06/15 01:43:40 [/Gift/html/admin/total/index.php] access : user=Vanda auth=0 sid=nohejhvor1p1s5i32eg3ui17j2 from ::1
2015/06/15 01:43:47 [/Gift/html/admin/total/index.php] access : user=Vanda auth=0 sid=nohejhvor1p1s5i32eg3ui17j2 from ::1
2015/06/15 01:43:52 [/Gift/html/admin/total/index.php] access : user=Vanda auth=0 sid=nohejhvor1p1s5i32eg3ui17j2 from ::1
2015/06/15 01:43:57 [/Gift/html/admin/total/index.php] access : user=Vanda auth=0 sid=nohejhvor1p1s5i32eg3ui17j2 from ::1
2015/06/15 01:44:09 [/Gift/html/admin/total/index.php] access : user=Vanda auth=0 sid=nohejhvor1p1s5i32eg3ui17j2 from ::1
2015/06/15 01:44:14 [/Gift/html/admin/total/index.php] access : user=Vanda auth=0 sid=nohejhvor1p1s5i32eg3ui17j2 from ::1
2015/06/15 01:44:17 [/Gift/html/admin/total/index.php] access : user=Vanda auth=0 sid=nohejhvor1p1s5i32eg3ui17j2 from ::1
2015/06/15 01:44:24 [/Gift/html/admin/total/index.php] access : user=Vanda auth=0 sid=nohejhvor1p1s5i32eg3ui17j2 from ::1
2015/06/15 01:44:26 [/Gift/html/admin/total/index.php] access : user=Vanda auth=0 sid=nohejhvor1p1s5i32eg3ui17j2 from ::1
2015/06/15 01:44:34 [/Gift/html/admin/total/index.php] access : user=Vanda auth=0 sid=nohejhvor1p1s5i32eg3ui17j2 from ::1
2015/06/15 01:44:38 [/Gift/html/admin/total/index.php] access : user=Vanda auth=0 sid=nohejhvor1p1s5i32eg3ui17j2 from ::1
2015/06/15 01:44:41 [/Gift/html/admin/total/index.php] access : user=Vanda auth=0 sid=nohejhvor1p1s5i32eg3ui17j2 from ::1
2015/06/15 01:44:46 [/Gift/html/admin/mail/index.php] access : user=Vanda auth=0 sid=nohejhvor1p1s5i32eg3ui17j2 from ::1
2015/06/15 01:45:08 [/Gift/html/admin/mail/template.php] access : user=Vanda auth=0 sid=nohejhvor1p1s5i32eg3ui17j2 from ::1
2015/06/15 01:45:10 [/Gift/html/admin/mail/template_input.php] access : user=Vanda auth=0 sid=nohejhvor1p1s5i32eg3ui17j2 from ::1
2015/06/15 01:45:15 [/Gift/html/admin/mail/history.php] access : user=Vanda auth=0 sid=nohejhvor1p1s5i32eg3ui17j2 from ::1
2015/06/15 01:45:46 [/Gift/html/admin/contents/index.php] access : user=Vanda auth=0 sid=nohejhvor1p1s5i32eg3ui17j2 from ::1
2015/06/15 01:46:45 [/Gift/html/admin/design/index.php] access : user=Vanda auth=0 sid=nohejhvor1p1s5i32eg3ui17j2 from ::1
2015/06/15 01:47:32 [/Gift/html/admin/design/index.php] access : user=Vanda auth=0 sid=nohejhvor1p1s5i32eg3ui17j2 from ::1
2015/06/15 01:47:33 [/Gift/html/admin/design/index.php] access : user=Vanda auth=0 sid=nohejhvor1p1s5i32eg3ui17j2 from ::1
2015/06/15 01:47:51 [/Gift/html/admin/design/index.php] access : user=Vanda auth=0 sid=nohejhvor1p1s5i32eg3ui17j2 from ::1
2015/06/15 01:47:51 [/Gift/html/admin/design/index.php] access : user=Vanda auth=0 sid=nohejhvor1p1s5i32eg3ui17j2 from ::1
2015/06/15 01:48:31 [/Gift/html/admin/design/index.php] access : user=Vanda auth=0 sid=nohejhvor1p1s5i32eg3ui17j2 from ::1
2015/06/15 01:49:17 [/Gift/html/admin/design/index.php] access : user=Vanda auth=0 sid=nohejhvor1p1s5i32eg3ui17j2 from ::1
2015/06/15 01:49:17 [/Gift/html/admin/design/index.php] access : user=Vanda auth=0 sid=nohejhvor1p1s5i32eg3ui17j2 from ::1
2015/06/15 01:49:30 [/Gift/html/admin/design/index.php] access : user=Vanda auth=0 sid=nohejhvor1p1s5i32eg3ui17j2 from ::1
2015/06/15 01:51:07 [/Gift/html/admin/mail/template.php] access : user=Vanda auth=0 sid=nohejhvor1p1s5i32eg3ui17j2 from ::1
2015/06/15 01:51:11 [/Gift/html/admin/mail/template_input.php] access : user=Vanda auth=0 sid=nohejhvor1p1s5i32eg3ui17j2 from ::1
2015/06/15 01:51:20 [/Gift/html/admin/mail/template.php] access : user=Vanda auth=0 sid=nohejhvor1p1s5i32eg3ui17j2 from ::1
2015/06/15 02:29:29 [/Gift/html/admin/products/index.php] access : user=Vanda auth=0 sid=nohejhvor1p1s5i32eg3ui17j2 from ::1
2015/06/15 02:29:32 [/Gift/html/admin/products/index.php] access : user=Vanda auth=0 sid=nohejhvor1p1s5i32eg3ui17j2 from ::1
2015/06/15 02:29:42 [/Gift/html/admin/products/product.php] access : user=Vanda auth=0 sid=nohejhvor1p1s5i32eg3ui17j2 from ::1
2015/06/15 02:29:47 [/Gift/html/admin/products/product.php] access : user=Vanda auth=0 sid=nohejhvor1p1s5i32eg3ui17j2 from ::1
2015/06/15 02:30:01 [/Gift/html/admin/products/product.php] access : user=Vanda auth=0 sid=nohejhvor1p1s5i32eg3ui17j2 from ::1
2015/06/15 02:30:05 [/Gift/html/admin/products/product.php] access : user=Vanda auth=0 sid=nohejhvor1p1s5i32eg3ui17j2 from ::1
2015/06/15 02:30:09 [/Gift/html/admin/products/index.php] access : user=Vanda auth=0 sid=nohejhvor1p1s5i32eg3ui17j2 from ::1
2015/06/15 02:30:11 [/Gift/html/admin/products/index.php] access : user=Vanda auth=0 sid=nohejhvor1p1s5i32eg3ui17j2 from ::1
2015/06/15 02:30:19 [/Gift/html/admin/products/product.php] access : user=Vanda auth=0 sid=nohejhvor1p1s5i32eg3ui17j2 from ::1
2015/06/15 02:30:57 [/Gift/html/admin/products/product.php] access : user=Vanda auth=0 sid=nohejhvor1p1s5i32eg3ui17j2 from ::1
2015/06/15 02:30:59 [/Gift/html/admin/products/product.php] access : user=Vanda auth=0 sid=nohejhvor1p1s5i32eg3ui17j2 from ::1
2015/06/15 02:38:35 [/Gift/html/admin/products/product.php] access : user=Vanda auth=0 sid=nohejhvor1p1s5i32eg3ui17j2 from ::1
2015/06/15 02:38:40 [/Gift/html/admin/products/index.php] access : user=Vanda auth=0 sid=nohejhvor1p1s5i32eg3ui17j2 from ::1
2015/06/15 02:38:41 [/Gift/html/admin/products/index.php] access : user=Vanda auth=0 sid=nohejhvor1p1s5i32eg3ui17j2 from ::1
2015/06/15 02:38:50 [/Gift/html/admin/products/product.php] access : user=Vanda auth=0 sid=nohejhvor1p1s5i32eg3ui17j2 from ::1
2015/06/15 02:38:59 [/Gift/html/admin/products/product.php] access : user=Vanda auth=0 sid=nohejhvor1p1s5i32eg3ui17j2 from ::1
2015/06/15 02:38:59 [/Gift/html/admin/products/product.php] 1 -> C:\wamp\www\Gift\html/../data/download/temp/06150238_557e3ac3eacca.jpg from ::1
2015/06/15 02:39:09 [/Gift/html/admin/products/product.php] access : user=Vanda auth=0 sid=nohejhvor1p1s5i32eg3ui17j2 from ::1
2015/06/15 02:39:16 [/Gift/html/admin/products/product.php] access : user=Vanda auth=0 sid=nohejhvor1p1s5i32eg3ui17j2 from ::1
2015/06/15 02:39:19 [/Gift/html/admin/products/product.php] access : user=Vanda auth=0 sid=nohejhvor1p1s5i32eg3ui17j2 from ::1
2015/06/15 02:39:23 [/Gift/html/admin/products/product.php] access : user=Vanda auth=0 sid=nohejhvor1p1s5i32eg3ui17j2 from ::1
2015/06/16 01:19:29 [/Gift/html/admin/index.php] access error. from ::1
2015/06/16 01:19:29 [/Gift/html/admin/index.php] login: user=Vanda(2) auth=0 lastlogin=2015-06-15 01:12:42 sid= from ::1
2015/06/16 01:19:29 [/Gift/html/admin/home.php] access : user=Vanda auth=0 sid=63sscvf72r0quqh04f64ufp2f3 from ::1
2015/06/16 01:19:52 [/Gift/html/admin/design/index.php] access : user=Vanda auth=0 sid=63sscvf72r0quqh04f64ufp2f3 from ::1
2015/06/16 01:20:09 [/Gift/html/admin/system/bkup.php] access : user=Vanda auth=0 sid=63sscvf72r0quqh04f64ufp2f3 from ::1
2015/06/16 01:20:30 [/Gift/html/admin/system/adminarea.php] access : user=Vanda auth=0 sid=63sscvf72r0quqh04f64ufp2f3 from ::1
2015/06/16 01:20:41 [/Gift/html/admin/system/log.php] access : user=Vanda auth=0 sid=63sscvf72r0quqh04f64ufp2f3 from ::1
2015/06/16 01:21:04 [/Gift/html/admin/ownersstore/index.php] access : user=Vanda auth=0 sid=63sscvf72r0quqh04f64ufp2f3 from ::1
2015/06/16 01:21:09 [/Gift/html/admin/ownersstore/settings.php] access : user=Vanda auth=0 sid=63sscvf72r0quqh04f64ufp2f3 from ::1
2015/06/16 02:49:21 [/Gift/html/admin/ownersstore/index.php] access : user=Vanda auth=0 sid=63sscvf72r0quqh04f64ufp2f3 from ::1
2015/06/16 02:49:25 [/Gift/html/admin/ownersstore/module.php] access : user=Vanda auth=0 sid=63sscvf72r0quqh04f64ufp2f3 from ::1
2015/06/16 02:49:27 [/Gift/html/admin/ownersstore/index.php] access : user=Vanda auth=0 sid=63sscvf72r0quqh04f64ufp2f3 from ::1
2015/06/16 02:49:29 [/Gift/html/admin/ownersstore/index.php] access : user=Vanda auth=0 sid=63sscvf72r0quqh04f64ufp2f3 from ::1
2015/06/16 02:49:31 [/Gift/html/admin/ownersstore/log.php] access : user=Vanda auth=0 sid=63sscvf72r0quqh04f64ufp2f3 from ::1
2015/06/16 02:49:34 [/Gift/html/admin/ownersstore/settings.php] access : user=Vanda auth=0 sid=63sscvf72r0quqh04f64ufp2f3 from ::1
2015/06/16 02:49:44 [/Gift/html/admin/order/index.php] access : user=Vanda auth=0 sid=63sscvf72r0quqh04f64ufp2f3 from ::1
2015/06/16 02:49:51 [/Gift/html/admin/customer/index.php] access : user=Vanda auth=0 sid=63sscvf72r0quqh04f64ufp2f3 from ::1
2015/06/16 02:49:56 [/Gift/html/admin/products/index.php] access : user=Vanda auth=0 sid=63sscvf72r0quqh04f64ufp2f3 from ::1
2015/06/16 02:50:03 [/Gift/html/admin/design/index.php] access : user=Vanda auth=0 sid=63sscvf72r0quqh04f64ufp2f3 from ::1
2015/06/16 02:50:09 [/Gift/html/admin/system/log.php] access : user=Vanda auth=0 sid=63sscvf72r0quqh04f64ufp2f3 from ::1
2015/06/16 02:50:12 [/Gift/html/admin/customer/index.php] access : user=Vanda auth=0 sid=63sscvf72r0quqh04f64ufp2f3 from ::1
2015/06/16 02:50:14 [/Gift/html/admin/products/index.php] access : user=Vanda auth=0 sid=63sscvf72r0quqh04f64ufp2f3 from ::1
2015/06/16 02:50:19 [/Gift/html/admin/basis/index.php] access : user=Vanda auth=0 sid=63sscvf72r0quqh04f64ufp2f3 from ::1
2015/06/16 02:50:22 [/Gift/html/admin/system/index.php] access : user=Vanda auth=0 sid=63sscvf72r0quqh04f64ufp2f3 from ::1
2015/06/16 02:50:26 [/Gift/html/admin/ownersstore/log.php] access : user=Vanda auth=0 sid=63sscvf72r0quqh04f64ufp2f3 from ::1
2015/06/16 02:50:28 [/Gift/html/admin/ownersstore/index.php] access : user=Vanda auth=0 sid=63sscvf72r0quqh04f64ufp2f3 from ::1
2015/06/16 02:50:30 [/Gift/html/admin/ownersstore/index.php] access : user=Vanda auth=0 sid=63sscvf72r0quqh04f64ufp2f3 from ::1
2015/06/16 02:50:32 [/Gift/html/admin/ownersstore/settings.php] access : user=Vanda auth=0 sid=63sscvf72r0quqh04f64ufp2f3 from ::1
2015/06/16 03:00:14 [/Gift/html/admin/ownersstore/settings.php] access : user=Vanda auth=0 sid=63sscvf72r0quqh04f64ufp2f3 from ::1
2015/06/16 03:00:28 [/Gift/html/admin/index.php] access : user=Vanda auth=0 sid=63sscvf72r0quqh04f64ufp2f3 from ::1
2015/06/16 03:00:28 [/Gift/html/admin/index.php] login: user=Vanda(2) auth=0 lastlogin=2015-06-16 01:19:29 sid=63sscvf72r0quqh04f64ufp2f3 from ::1
2015/06/16 03:00:28 [/Gift/html/admin/home.php] access : user=Vanda auth=0 sid=63sscvf72r0quqh04f64ufp2f3 from ::1
2015/06/16 03:01:38 [/Gift/html/admin/index.php] access : user=Vanda auth=0 sid=63sscvf72r0quqh04f64ufp2f3 from ::1
2015/06/16 03:01:38 [/Gift/html/admin/index.php] login: user=Vanda(2) auth=0 lastlogin=2015-06-16 03:00:28 sid=63sscvf72r0quqh04f64ufp2f3 from ::1
2015/06/16 03:01:39 [/Gift/html/admin/home.php] access : user=Vanda auth=0 sid=63sscvf72r0quqh04f64ufp2f3 from ::1
2015/06/16 03:01:43 [/Gift/html/admin/ownersstore/log.php] access : user=Vanda auth=0 sid=63sscvf72r0quqh04f64ufp2f3 from ::1
2015/06/16 03:01:52 [/Gift/html/admin/ownersstore/admin.php] access : user=Vanda auth=0 sid=63sscvf72r0quqh04f64ufp2f3 from ::1
2015/06/16 03:04:00 [/Gift/html/admin/ownersstore/admin.php] access : user=Vanda auth=0 sid=63sscvf72r0quqh04f64ufp2f3 from ::1
2015/06/16 03:04:08 [/Gift/html/admin/ownersstore/settings.php] access : user=Vanda auth=0 sid=63sscvf72r0quqh04f64ufp2f3 from ::1
2015/06/16 03:04:18 [/Gift/html/admin/index.php] access : user=Vanda auth=0 sid=63sscvf72r0quqh04f64ufp2f3 from ::1
2015/06/16 03:04:18 [/Gift/html/admin/index.php] login: user=Vanda(2) auth=0 lastlogin=2015-06-16 03:01:38 sid=63sscvf72r0quqh04f64ufp2f3 from ::1
2015/06/16 03:04:18 [/Gift/html/admin/home.php] access : user=Vanda auth=0 sid=63sscvf72r0quqh04f64ufp2f3 from ::1
2015/06/16 03:04:21 [/Gift/html/admin/ownersstore/log.php] access : user=Vanda auth=0 sid=63sscvf72r0quqh04f64ufp2f3 from ::1
2015/06/16 03:04:23 [/Gift/html/admin/ownersstore/index.php] access : user=Vanda auth=0 sid=63sscvf72r0quqh04f64ufp2f3 from ::1
2015/06/16 03:04:25 [/Gift/html/admin/ownersstore/settings.php] access : user=Vanda auth=0 sid=63sscvf72r0quqh04f64ufp2f3 from ::1
2015/06/16 03:06:08 [/Gift/html/admin/index.php] access : user=Vanda auth=0 sid=63sscvf72r0quqh04f64ufp2f3 from ::1
2015/06/16 03:06:08 [/Gift/html/admin/index.php] login: user=Vanda(2) auth=0 lastlogin=2015-06-16 03:04:18 sid=63sscvf72r0quqh04f64ufp2f3 from ::1
2015/06/16 03:06:09 [/Gift/html/admin/home.php] access : user=Vanda auth=0 sid=63sscvf72r0quqh04f64ufp2f3 from ::1
2015/06/16 03:10:23 [/Gift/html/admin/home.php] access : user=Vanda auth=0 sid=63sscvf72r0quqh04f64ufp2f3 from ::1
2015/06/16 03:10:56 [/Gift/html/admin/ownersstore/log.php] access : user=Vanda auth=0 sid=63sscvf72r0quqh04f64ufp2f3 from ::1
2015/06/16 03:10:59 [/Gift/html/admin/ownersstore/admin.php] access : user=Vanda auth=0 sid=63sscvf72r0quqh04f64ufp2f3 from ::1
2015/06/16 03:12:51 [/Gift/html/admin/ownersstore/admin.php] access : user=Vanda auth=0 sid=63sscvf72r0quqh04f64ufp2f3 from ::1
2015/06/16 03:13:12 [/Gift/html/admin/ownersstore/index.php] access : user=Vanda auth=0 sid=63sscvf72r0quqh04f64ufp2f3 from ::1
2015/06/16 03:13:17 [/Gift/html/admin/ownersstore/admin.php] access : user=Vanda auth=0 sid=63sscvf72r0quqh04f64ufp2f3 from ::1
2015/06/16 03:14:33 [/Gift/html/admin/ownersstore/index.php] access : user=Vanda auth=0 sid=63sscvf72r0quqh04f64ufp2f3 from ::1
2015/06/16 03:14:37 [/Gift/html/admin/ownersstore/admin.php] access : user=Vanda auth=0 sid=63sscvf72r0quqh04f64ufp2f3 from ::1
2015/06/16 03:14:44 [/Gift/html/admin/ownersstore/settings.php] access : user=Vanda auth=0 sid=63sscvf72r0quqh04f64ufp2f3 from ::1
2015/06/16 03:17:55 [/Gift/html/admin/ownersstore/settings.php] access : user=Vanda auth=0 sid=63sscvf72r0quqh04f64ufp2f3 from ::1
2015/06/16 03:18:01 [/Gift/html/admin/ownersstore/admin.php] access : user=Vanda auth=0 sid=63sscvf72r0quqh04f64ufp2f3 from ::1
2015/06/16 03:19:11 [/Gift/html/admin/ownersstore/admin.php] access : user=Vanda auth=0 sid=63sscvf72r0quqh04f64ufp2f3 from ::1
2015/06/16 03:21:12 [/Gift/html/admin/ownersstore/admin.php] access : user=Vanda auth=0 sid=63sscvf72r0quqh04f64ufp2f3 from ::1
2015/06/16 03:21:15 [/Gift/html/admin/ownersstore/index.php] access : user=Vanda auth=0 sid=63sscvf72r0quqh04f64ufp2f3 from ::1
2015/06/16 03:21:22 [/Gift/html/admin/ownersstore/settings.php] access : user=Vanda auth=0 sid=63sscvf72r0quqh04f64ufp2f3 from ::1
2015/06/16 03:21:27 [/Gift/html/admin/ownersstore/log.php] access : user=Vanda auth=0 sid=63sscvf72r0quqh04f64ufp2f3 from ::1
2015/06/16 03:21:29 [/Gift/html/admin/ownersstore/index.php] access : user=Vanda auth=0 sid=63sscvf72r0quqh04f64ufp2f3 from ::1
2015/06/16 03:21:32 [/Gift/html/admin/ownersstore/module.php] access : user=Vanda auth=0 sid=63sscvf72r0quqh04f64ufp2f3 from ::1
2015/06/16 03:21:34 [/Gift/html/admin/ownersstore/admin.php] access : user=Vanda auth=0 sid=63sscvf72r0quqh04f64ufp2f3 from ::1
2015/06/16 03:22:19 [/Gift/html/admin/ownersstore/admin.php] access : user=Vanda auth=0 sid=63sscvf72r0quqh04f64ufp2f3 from ::1
2015/06/16 03:22:25 [/Gift/html/admin/ownersstore/log.php] access : user=Vanda auth=0 sid=63sscvf72r0quqh04f64ufp2f3 from ::1
2015/06/16 03:22:34 [/Gift/html/admin/ownersstore/admin.php] access : user=Vanda auth=0 sid=63sscvf72r0quqh04f64ufp2f3 from ::1
2015/06/16 03:25:19 [/Gift/html/admin/ownersstore/admin.php] access : user=Vanda auth=0 sid=63sscvf72r0quqh04f64ufp2f3 from ::1
2015/06/16 03:28:18 [/Gift/html/admin/ownersstore/admin.php] access : user=Vanda auth=0 sid=63sscvf72r0quqh04f64ufp2f3 from ::1
2015/06/16 03:34:55 [/Gift/html/admin/ownersstore/log.php] access : user=Vanda auth=0 sid=63sscvf72r0quqh04f64ufp2f3 from ::1
2015/06/16 03:34:57 [/Gift/html/admin/ownersstore/settings.php] access : user=Vanda auth=0 sid=63sscvf72r0quqh04f64ufp2f3 from ::1
2015/06/16 03:35:02 [/Gift/html/admin/ownersstore/settings.php] access : user=Vanda auth=0 sid=63sscvf72r0quqh04f64ufp2f3 from ::1
2015/06/16 03:35:49 [/Gift/html/admin/ownersstore/log.php] access : user=Vanda auth=0 sid=63sscvf72r0quqh04f64ufp2f3 from ::1
2015/06/16 03:35:52 [/Gift/html/admin/ownersstore/admin.php] access : user=Vanda auth=0 sid=63sscvf72r0quqh04f64ufp2f3 from ::1
2015/06/16 03:36:04 [/Gift/html/admin/ownersstore/admin.php] access : user=Vanda auth=0 sid=63sscvf72r0quqh04f64ufp2f3 from ::1
2015/06/16 03:38:02 [/Gift/html/admin/ownersstore/admin.php] access : user=Vanda auth=0 sid=63sscvf72r0quqh04f64ufp2f3 from ::1
2015/06/16 03:38:07 [/Gift/html/admin/ownersstore/admin.php] access : user=Vanda auth=0 sid=63sscvf72r0quqh04f64ufp2f3 from ::1
2015/06/16 03:41:46 [/Gift/html/admin/ownersstore/admin.php] access : user=Vanda auth=0 sid=63sscvf72r0quqh04f64ufp2f3 from ::1
2015/06/16 03:41:51 [/Gift/html/admin/ownersstore/admin.php] access : user=Vanda auth=0 sid=63sscvf72r0quqh04f64ufp2f3 from ::1
2015/06/16 03:42:18 [/Gift/html/admin/ownersstore/admin.php] access : user=Vanda auth=0 sid=63sscvf72r0quqh04f64ufp2f3 from ::1
2015/06/16 03:43:17 [/Gift/html/admin/ownersstore/settings.php] access : user=Vanda auth=0 sid=63sscvf72r0quqh04f64ufp2f3 from ::1
2015/06/16 03:43:27 [/Gift/html/admin/ownersstore/settings.php] access : user=Vanda auth=0 sid=63sscvf72r0quqh04f64ufp2f3 from ::1
2015/06/16 03:45:21 [/Gift/html/admin/products/index.php] access : user=Vanda auth=0 sid=63sscvf72r0quqh04f64ufp2f3 from ::1
2015/06/16 03:45:28 [/Gift/html/admin/products/product.php] access : user=Vanda auth=0 sid=63sscvf72r0quqh04f64ufp2f3 from ::1
2015/06/16 03:45:54 [/Gift/html/admin/products/product.php] access : user=Vanda auth=0 sid=63sscvf72r0quqh04f64ufp2f3 from ::1
2015/06/16 03:45:54 [/Gift/html/admin/products/product.php] 1 -> C:\wamp\www\Gift\html/../data/download/temp/06160345_557f9bf24c386.jpg from ::1
2015/06/16 03:46:25 [/Gift/html/admin/products/product.php] access : user=Vanda auth=0 sid=63sscvf72r0quqh04f64ufp2f3 from ::1
2015/06/16 03:46:46 [/Gift/html/admin/products/product.php] access : user=Vanda auth=0 sid=63sscvf72r0quqh04f64ufp2f3 from ::1
2015/06/16 03:46:50 [/Gift/html/admin/products/product.php] access : user=Vanda auth=0 sid=63sscvf72r0quqh04f64ufp2f3 from ::1
2015/06/16 03:47:59 [/Gift/html/admin/ownersstore/admin.php] access : user=Vanda auth=0 sid=63sscvf72r0quqh04f64ufp2f3 from ::1
2015/06/16 03:48:02 [/Gift/html/admin/ownersstore/admin.php] access : user=Vanda auth=0 sid=63sscvf72r0quqh04f64ufp2f3 from ::1
2015/06/16 03:54:16 [/Gift/html/admin/products/product.php] access : user=Vanda auth=0 sid=63sscvf72r0quqh04f64ufp2f3 from ::1
2015/06/16 04:02:10 [/Gift/html/admin/ownersstore/admin.php] access : user=Vanda auth=0 sid=63sscvf72r0quqh04f64ufp2f3 from ::1
2015/06/16 04:02:23 [/Gift/html/admin/ownersstore/admin.php] access : user=Vanda auth=0 sid=63sscvf72r0quqh04f64ufp2f3 from ::1
2015/06/16 04:02:30 [/Gift/html/admin/ownersstore/admin.php] access : user=Vanda auth=0 sid=63sscvf72r0quqh04f64ufp2f3 from ::1
2015/06/16 04:02:37 [/Gift/html/admin/ownersstore/admin.php] access : user=Vanda auth=0 sid=63sscvf72r0quqh04f64ufp2f3 from ::1
2015/06/16 04:02:47 [/Gift/html/admin/ownersstore/admin.php] access : user=Vanda auth=0 sid=63sscvf72r0quqh04f64ufp2f3 from ::1
2015/06/16 04:27:01 [/Gift/html/admin/ownersstore/admin.php] access : user=Vanda auth=0 sid=63sscvf72r0quqh04f64ufp2f3 from ::1
2015/06/16 04:27:31 [/Gift/html/admin/ownersstore/admin.php] access : user=Vanda auth=0 sid=63sscvf72r0quqh04f64ufp2f3 from ::1
2015/06/16 04:27:46 [/Gift/html/admin/ownersstore/admin.php] access : user=Vanda auth=0 sid=63sscvf72r0quqh04f64ufp2f3 from ::1
2015/06/16 04:28:31 [/Gift/html/admin/ownersstore/admin.php] access : user=Vanda auth=0 sid=63sscvf72r0quqh04f64ufp2f3 from ::1
2015/06/16 04:28:35 [/Gift/html/admin/ownersstore/admin.php] access : user=Vanda auth=0 sid=63sscvf72r0quqh04f64ufp2f3 from ::1
2015/06/16 04:28:45 [/Gift/html/admin/index.php] access : user=Vanda auth=0 sid=63sscvf72r0quqh04f64ufp2f3 from ::1
2015/06/16 04:28:45 [/Gift/html/admin/index.php] login: user=Vanda(2) auth=0 lastlogin=2015-06-16 03:06:08 sid=63sscvf72r0quqh04f64ufp2f3 from ::1
2015/06/16 04:28:45 [/Gift/html/admin/home.php] access : user=Vanda auth=0 sid=63sscvf72r0quqh04f64ufp2f3 from ::1
2015/06/16 04:28:48 [/Gift/html/admin/ownersstore/admin.php] access : user=Vanda auth=0 sid=63sscvf72r0quqh04f64ufp2f3 from ::1
2015/06/16 04:29:23 [/Gift/html/admin/ownersstore/admin.php] access : user=Vanda auth=0 sid=63sscvf72r0quqh04f64ufp2f3 from ::1
2015/06/16 04:29:42 [/Gift/html/admin/ownersstore/admin.php] access : user=Vanda auth=0 sid=63sscvf72r0quqh04f64ufp2f3 from ::1
2015/06/16 04:33:53 [/Gift/html/admin/ownersstore/admin.php] access : user=Vanda auth=0 sid=63sscvf72r0quqh04f64ufp2f3 from ::1
2015/06/16 04:33:57 [/Gift/html/admin/ownersstore/admin.php] access : user=Vanda auth=0 sid=63sscvf72r0quqh04f64ufp2f3 from ::1
2015/06/16 04:38:40 [/Gift/html/admin/ownersstore/admin.php] access : user=Vanda auth=0 sid=63sscvf72r0quqh04f64ufp2f3 from ::1
2015/06/16 05:06:18 [/Gift/html/admin/ownersstore/admin.php] access : user=Vanda auth=0 sid=63sscvf72r0quqh04f64ufp2f3 from ::1
2015/06/16 05:09:00 [/Gift/html/admin/ownersstore/admin.php] access : user=Vanda auth=0 sid=63sscvf72r0quqh04f64ufp2f3 from ::1
2015/06/16 05:50:08 [/Gift/html/admin/index.php] access error. from ::1
2015/06/16 05:50:08 [/Gift/html/admin/index.php] login: user=Vanda(2) auth=0 lastlogin=2015-06-16 04:28:45 sid= from ::1
2015/06/16 05:50:08 [/Gift/html/admin/home.php] access : user=Vanda auth=0 sid=3c7sa9v43u3k2m3qbitmjkb8l6 from ::1
2015/06/16 05:52:22 [/Gift/html/admin/ownersstore/admin.php] access : user=Vanda auth=0 sid=3c7sa9v43u3k2m3qbitmjkb8l6 from ::1
2015/06/16 05:53:40 [/Gift/html/admin/ownersstore/admin.php] access : user=Vanda auth=0 sid=3c7sa9v43u3k2m3qbitmjkb8l6 from ::1
2015/06/16 05:56:01 [/Gift/html/admin/ownersstore/admin.php] access : user=Vanda auth=0 sid=3c7sa9v43u3k2m3qbitmjkb8l6 from ::1
2015/06/16 05:56:40 [/Gift/html/admin/ownersstore/admin.php] access : user=Vanda auth=0 sid=3c7sa9v43u3k2m3qbitmjkb8l6 from ::1
2015/06/16 05:58:17 [/Gift/html/admin/ownersstore/admin.php] access : user=Vanda auth=0 sid=3c7sa9v43u3k2m3qbitmjkb8l6 from ::1
2015/06/16 06:03:59 [/Gift/html/admin/ownersstore/admin.php] access : user=Vanda auth=0 sid=3c7sa9v43u3k2m3qbitmjkb8l6 from ::1
2015/06/16 06:06:28 [/Gift/html/admin/ownersstore/admin.php] access : user=Vanda auth=0 sid=3c7sa9v43u3k2m3qbitmjkb8l6 from ::1
2015/06/16 06:08:53 [/Gift/html/admin/ownersstore/admin.php] access : user=Vanda auth=0 sid=3c7sa9v43u3k2m3qbitmjkb8l6 from ::1
2015/06/16 06:09:37 [/Gift/html/admin/ownersstore/admin.php] access : user=Vanda auth=0 sid=3c7sa9v43u3k2m3qbitmjkb8l6 from ::1
2015/06/16 06:10:04 [/Gift/html/admin/ownersstore/admin.php] access : user=Vanda auth=0 sid=3c7sa9v43u3k2m3qbitmjkb8l6 from ::1
2015/06/16 06:14:06 [/Gift/html/admin/ownersstore/admin.php] access : user=Vanda auth=0 sid=3c7sa9v43u3k2m3qbitmjkb8l6 from ::1
2015/06/16 06:14:09 [/Gift/html/admin/ownersstore/admin.php] access : user=Vanda auth=0 sid=3c7sa9v43u3k2m3qbitmjkb8l6 from ::1
2015/06/16 06:14:25 [/Gift/html/admin/ownersstore/admin.php] access : user=Vanda auth=0 sid=3c7sa9v43u3k2m3qbitmjkb8l6 from ::1
2015/06/16 06:14:56 [/Gift/html/admin/ownersstore/admin.php] access : user=Vanda auth=0 sid=3c7sa9v43u3k2m3qbitmjkb8l6 from ::1
2015/06/16 06:16:04 [/Gift/html/admin/ownersstore/admin.php] access : user=Vanda auth=0 sid=3c7sa9v43u3k2m3qbitmjkb8l6 from ::1
2015/06/16 06:16:31 [/Gift/html/admin/ownersstore/admin.php] access : user=Vanda auth=0 sid=3c7sa9v43u3k2m3qbitmjkb8l6 from ::1
2015/06/16 06:47:58 [/Gift/html/admin/logout.php] access : user=Vanda auth=0 sid=3c7sa9v43u3k2m3qbitmjkb8l6 from ::1
2015/06/16 06:47:58 [/Gift/html/admin/logout.php] logout : user=Vanda auth=0 sid=3c7sa9v43u3k2m3qbitmjkb8l6 from ::1
2015/06/16 07:09:15 [/Gift/html/admin/index.php] access error. from ::1
2015/06/16 07:09:15 [/Gift/html/admin/index.php] login: user=Vanda(2) auth=0 lastlogin=2015-06-16 05:50:08 sid= from ::1
2015/06/16 07:09:15 [/Gift/html/admin/home.php] access : user=Vanda auth=0 sid=3c7sa9v43u3k2m3qbitmjkb8l6 from ::1
2015/06/16 07:22:20 [/Gift/html/admin/products/product.php] access : user=Vanda auth=0 sid=3c7sa9v43u3k2m3qbitmjkb8l6 from ::1
2015/06/16 07:22:42 [/Gift/html/admin/products/index.php] access : user=Vanda auth=0 sid=3c7sa9v43u3k2m3qbitmjkb8l6 from ::1
2015/06/16 07:22:45 [/Gift/html/admin/products/index.php] access : user=Vanda auth=0 sid=3c7sa9v43u3k2m3qbitmjkb8l6 from ::1
2015/06/16 07:22:51 [/Gift/html/admin/products/product.php] access : user=Vanda auth=0 sid=3c7sa9v43u3k2m3qbitmjkb8l6 from ::1
2015/06/16 07:23:02 [/Gift/html/admin/products/product.php] access : user=Vanda auth=0 sid=3c7sa9v43u3k2m3qbitmjkb8l6 from ::1
2015/06/16 07:23:05 [/Gift/html/admin/products/product.php] access : user=Vanda auth=0 sid=3c7sa9v43u3k2m3qbitmjkb8l6 from ::1
2015/06/16 07:23:08 [/Gift/html/admin/products/product.php] access : user=Vanda auth=0 sid=3c7sa9v43u3k2m3qbitmjkb8l6 from ::1
2015/06/16 08:22:03 [/Gift/html/admin/ownersstore/admin.php] access : user=Vanda auth=0 sid=3c7sa9v43u3k2m3qbitmjkb8l6 from ::1
2015/06/17 01:28:24 [/Gift/html/admin/index.php] access error. from ::1
2015/06/17 01:28:24 [/Gift/html/admin/index.php] login: user=Vanda(2) auth=0 lastlogin=2015-06-16 07:09:15 sid= from ::1
2015/06/17 01:28:24 [/Gift/html/admin/home.php] access : user=Vanda auth=0 sid=k0ndqmt5ejhsrpk0ravp1n6j17 from ::1
2015/06/17 02:27:31 [/Gift/html/admin/ownersstore/admin.php] access : user=Vanda auth=0 sid=k0ndqmt5ejhsrpk0ravp1n6j17 from ::1
2015/06/17 02:27:37 [/Gift/html/admin/ownersstore/admin.php] access : user=Vanda auth=0 sid=k0ndqmt5ejhsrpk0ravp1n6j17 from ::1
2015/06/17 02:27:45 [/Gift/html/admin/ownersstore/admin.php] access : user=Vanda auth=0 sid=k0ndqmt5ejhsrpk0ravp1n6j17 from ::1
2015/06/17 02:27:52 [/Gift/html/admin/ownersstore/admin.php] access : user=Vanda auth=0 sid=k0ndqmt5ejhsrpk0ravp1n6j17 from ::1
2015/06/17 02:27:59 [/Gift/html/admin/ownersstore/admin.php] access : user=Vanda auth=0 sid=k0ndqmt5ejhsrpk0ravp1n6j17 from ::1
2015/06/17 02:28:02 [/Gift/html/admin/ownersstore/admin.php] access : user=Vanda auth=0 sid=k0ndqmt5ejhsrpk0ravp1n6j17 from ::1
2015/06/17 04:31:22 [/Gift/html/admin/ownersstore/admin.php] access : user=Vanda auth=0 sid=k0ndqmt5ejhsrpk0ravp1n6j17 from ::1
2015/06/17 04:31:25 [/Gift/html/admin/ownersstore/index.php] access : user=Vanda auth=0 sid=k0ndqmt5ejhsrpk0ravp1n6j17 from ::1
2015/06/17 04:31:29 [/Gift/html/admin/ownersstore/admin.php] access : user=Vanda auth=0 sid=k0ndqmt5ejhsrpk0ravp1n6j17 from ::1
2015/06/17 04:31:49 [/Gift/html/admin/ownersstore/admin.php] access : user=Vanda auth=0 sid=k0ndqmt5ejhsrpk0ravp1n6j17 from ::1
2015/06/17 04:32:07 [/Gift/html/admin/ownersstore/admin.php] access : user=Vanda auth=0 sid=k0ndqmt5ejhsrpk0ravp1n6j17 from ::1
2015/06/17 04:32:11 [/Gift/html/admin/ownersstore/admin.php] access : user=Vanda auth=0 sid=k0ndqmt5ejhsrpk0ravp1n6j17 from ::1
2015/06/17 04:32:26 [/Gift/html/admin/ownersstore/admin.php] access : user=Vanda auth=0 sid=k0ndqmt5ejhsrpk0ravp1n6j17 from ::1
2015/06/17 04:38:50 [/Gift/html/admin/ownersstore/admin.php] access : user=Vanda auth=0 sid=k0ndqmt5ejhsrpk0ravp1n6j17 from ::1
2015/06/17 04:39:15 [/Gift/html/admin/ownersstore/admin.php] access : user=Vanda auth=0 sid=k0ndqmt5ejhsrpk0ravp1n6j17 from ::1
2015/06/17 04:44:07 [/Gift/html/admin/ownersstore/admin.php] access : user=Vanda auth=0 sid=k0ndqmt5ejhsrpk0ravp1n6j17 from ::1
2015/06/17 04:44:35 [/Gift/html/admin/ownersstore/admin.php] access : user=Vanda auth=0 sid=k0ndqmt5ejhsrpk0ravp1n6j17 from ::1
2015/06/17 04:45:01 [/Gift/html/admin/ownersstore/admin.php] access : user=Vanda auth=0 sid=k0ndqmt5ejhsrpk0ravp1n6j17 from ::1
2015/06/17 04:52:26 [/Gift/html/admin/ownersstore/settings.php] access : user=Vanda auth=0 sid=k0ndqmt5ejhsrpk0ravp1n6j17 from ::1
2015/06/17 05:01:57 [/Gift/html/admin/ownersstore/admin.php] access : user=Vanda auth=0 sid=k0ndqmt5ejhsrpk0ravp1n6j17 from ::1
2015/06/17 05:50:40 [/Gift/html/admin/ownersstore/admin.php] access : user=Vanda auth=0 sid=k0ndqmt5ejhsrpk0ravp1n6j17 from ::1
2015/06/17 05:51:19 [/Gift/html/admin/ownersstore/admin.php] access : user=Vanda auth=0 sid=k0ndqmt5ejhsrpk0ravp1n6j17 from ::1
2015/06/17 06:04:23 [/Gift/html/admin/ownersstore/admin.php] access : user=Vanda auth=0 sid=k0ndqmt5ejhsrpk0ravp1n6j17 from ::1
