2015/06/22 04:23:44 [/Rise-Up-Shop/html/index.php] PAGE_DISPLAY_TIME_LOG [3.98sec] from ::1
2015/06/22 04:23:44 [/Rise-Up-Shop/html/index.php] PAGE_DISPLAY_TIME_LOG [3.29sec] from ::1
2015/06/22 04:23:44 [/Rise-Up-Shop/html/index.php] PAGE_DISPLAY_TIME_LOG [3.00sec] from ::1
2015/06/22 04:23:44 [/Rise-Up-Shop/html/index.php] PAGE_DISPLAY_TIME_LOG [2.52sec] from ::1
2015/06/24 00:52:58 [/GitHub/Rise-Up-Shop/html/index.php] PAGE_DISPLAY_TIME_LOG [2.70sec] from 127.0.0.1
2015/06/24 14:04:47 [/GitHub/Rise-Up-Shop/html/index.php] PAGE_DISPLAY_TIME_LOG [3.56sec] from ::1
2015/06/24 14:04:47 [/GitHub/Rise-Up-Shop/html/index.php] PAGE_DISPLAY_TIME_LOG [2.74sec] from ::1
2015/06/24 14:04:47 [/GitHub/Rise-Up-Shop/html/index.php] PAGE_DISPLAY_TIME_LOG [2.44sec] from ::1
2015/06/24 14:04:47 [/GitHub/Rise-Up-Shop/html/index.php] PAGE_DISPLAY_TIME_LOG [2.22sec] from ::1
2015/06/24 14:05:37 [/GitHub/Rise-Up-Shop/html/products/list.php] PAGE_DISPLAY_TIME_LOG [3.76sec] from ::1
2015/06/24 14:06:52 [/GitHub/Rise-Up-Shop/html/products/list.php] PAGE_DISPLAY_TIME_LOG [2.91sec] from ::1
2015/06/24 15:01:13 [/GitHub/Rise-Up-Shop/html/products/list.php] PAGE_DISPLAY_TIME_LOG [4.10sec] from ::1
2015/06/24 15:01:22 [/GitHub/Rise-Up-Shop/html/cart/index.php] PAGE_DISPLAY_TIME_LOG [2.22sec] from ::1
2015/06/24 15:01:29 [/GitHub/Rise-Up-Shop/html/cart/index.php] PAGE_DISPLAY_TIME_LOG [3.34sec] from ::1
2015/06/24 15:01:50 [/GitHub/Rise-Up-Shop/html/mypage/login.php] PAGE_DISPLAY_TIME_LOG [3.07sec] from ::1
2015/06/24 15:03:20 [/GitHub/Rise-Up-Shop/html/products/list.php] PAGE_DISPLAY_TIME_LOG [2.87sec] from ::1
2015/06/24 15:03:23 [/GitHub/Rise-Up-Shop/html/cart/index.php] PAGE_DISPLAY_TIME_LOG [2.22sec] from ::1
2015/06/24 15:03:26 [/GitHub/Rise-Up-Shop/html/cart/index.php] PAGE_DISPLAY_TIME_LOG [2.11sec] from ::1
2015/06/24 15:16:17 [/GitHub/Rise-Up-Shop/html/products/list.php] PAGE_DISPLAY_TIME_LOG [2.82sec] from ::1
2015/06/24 15:21:14 [/GitHub/Rise-Up-Shop/html/cart/index.php] PAGE_DISPLAY_TIME_LOG [2.09sec] from ::1
2015/06/24 15:21:19 [/GitHub/Rise-Up-Shop/html/mypage/login.php] PAGE_DISPLAY_TIME_LOG [2.34sec] from ::1
2015/06/24 15:21:24 [/GitHub/Rise-Up-Shop/html/cart/index.php] PAGE_DISPLAY_TIME_LOG [2.28sec] from ::1
2015/06/24 15:22:48 [/GitHub/Rise-Up-Shop/html/products/list.php] PAGE_DISPLAY_TIME_LOG [2.63sec] from ::1
2015/06/24 15:23:13 [/GitHub/Rise-Up-Shop/html/products/list.php] PAGE_DISPLAY_TIME_LOG [2.61sec] from ::1
2015/06/24 15:29:33 [/GitHub/Rise-Up-Shop/html/products/list.php] PAGE_DISPLAY_TIME_LOG [2.81sec] from ::1
2015/06/24 15:30:32 [/GitHub/Rise-Up-Shop/html/products/list.php] PAGE_DISPLAY_TIME_LOG [2.50sec] from ::1
2015/06/24 15:43:18 [/GitHub/Rise-Up-Shop/html/products/detail.php] PAGE_DISPLAY_TIME_LOG [3.01sec] from ::1
2015/06/24 15:51:40 [/GitHub/Rise-Up-Shop/html/products/list.php] PAGE_DISPLAY_TIME_LOG [3.64sec] from ::1
2015/06/24 15:51:56 [/GitHub/Rise-Up-Shop/html/index.php] PAGE_DISPLAY_TIME_LOG [2.04sec] from ::1
2015/06/27 12:55:42 [/Rise-Up-Shop/html/entry/index.php] PAGE_DISPLAY_TIME_LOG [2.05sec] from 127.0.0.1
2015/06/27 13:11:22 [/Rise-Up-Shop/html/entry/index.php] PAGE_DISPLAY_TIME_LOG [2.02sec] from 127.0.0.1
2015/06/28 06:27:39 [/Rise-Up-Shop/html/products/detail.php] PAGE_DISPLAY_TIME_LOG [2.54sec] from 127.0.0.1
2015/06/29 04:07:17 [/GitHub/Rise-Up-Shop/html/products/list.php] PAGE_DISPLAY_TIME_LOG [7.72sec] from ::1
2015/06/29 04:07:17 [/GitHub/Rise-Up-Shop/html/products/list.php] PAGE_DISPLAY_TIME_LOG [5.38sec] from ::1
2015/06/29 04:07:17 [/GitHub/Rise-Up-Shop/html/products/list.php] PAGE_DISPLAY_TIME_LOG [4.58sec] from ::1
2015/06/29 04:07:17 [/GitHub/Rise-Up-Shop/html/products/list.php] PAGE_DISPLAY_TIME_LOG [3.08sec] from ::1
2015/06/29 06:34:23 [/GitHub/Rise-Up/html/index.php] PAGE_DISPLAY_TIME_LOG [2.18sec] from ::1
